In file included from [01m[K/opt/ros/noetic/include/ros/ros.h:40[m[K,
                 from [01m[K/home/ruiyang/catkin_ws/src/path_generator/src/sim_path.cpp:1[m[K:
[01m[K/home/ruiyang/catkin_ws/src/path_generator/src/sim_path.cpp:[m[K In function â€˜[01m[Kvoid pathCallback(const Path&)[m[Kâ€™:
[01m[K/opt/ros/noetic/include/ros/console.h:361:61:[m[K [01;31m[Kerror: [m[Kinvalid use of non-static member function â€˜[01m[Kconst char* std::type_info::name() const[m[Kâ€™
  361 |     __rosconsole_print_stream_at_location_with_filter__ss__ << args; \
[01m[K/opt/ros/noetic/include/ros/console.h:366:5:[m[K [01;36m[Knote: [m[Kin expansion of macro â€˜[01m[KROSCONSOLE_PRINT_STREAM_AT_LOCATION_WITH_FILTER[m[Kâ€™
  366 |     [01;36m[KROSCONSOLE_PRINT_STREAM_AT_LOCATION_WITH_FILTER[m[K(NULL, args)
      |     [01;36m[K^~~~~~~~~~~~~~~~~~~~~~~~~~~~~~~~~~~~~~~~~~~~~~~[m[K
[01m[K/opt/ros/noetic/include/ros/console.h:409:7:[m[K [01;36m[Knote: [m[Kin expansion of macro â€˜[01m[KROSCONSOLE_PRINT_STREAM_AT_LOCATION[m[Kâ€™
  409 |       [01;36m[KROSCONSOLE_PRINT_STREAM_AT_LOCATION[m[K(args); \
      |       [01;36m[K^~~~~~~~~~~~~~~~~~~~~~~~~~~~~~~~~~~[m[K
[01m[K/opt/ros/noetic/include/ros/console.h:582:43:[m[K [01;36m[Knote: [m[Kin expansion of macro â€˜[01m[KROS_LOG_STREAM_COND[m[Kâ€™
  582 | #define ROS_LOG_STREAM(level, name, args) [01;36m[KROS_LOG_STREAM_COND[m[K(true, level, name, args)
      |                                           [01;36m[K^~~~~~~~~~~~~~~~~~~[m[K
[01m[K/opt/ros/noetic/include/rosconsole/macros_generated.h:111:31:[m[K [01;36m[Knote: [m[Kin expansion of macro â€˜[01m[KROS_LOG_STREAM[m[Kâ€™
  111 | #define ROS_INFO_STREAM(args) [01;36m[KROS_LOG_STREAM[m[K(::ros::console::levels::Info, ROSCONSOLE_DEFAULT_NAME, args)
      |                               [01;36m[K^~~~~~~~~~~~~~[m[K
[01m[K/home/ruiyang/catkin_ws/src/path_generator/src/sim_path.cpp:20:2:[m[K [01;36m[Knote: [m[Kin expansion of macro â€˜[01m[KROS_INFO_STREAM[m[Kâ€™
   20 |  [01;36m[KROS_INFO_STREAM[m[K(typeid(msg.poses[1]).name);
      |  [01;36m[K^~~~~~~~~~~~~~~[m[K
In file included from [01m[K/usr/include/c++/9/bits/exception_ptr.h:39[m[K,
                 from [01m[K/usr/include/c++/9/exception:143[m[K,
                 from [01m[K/usr/include/c++/9/new:40[m[K,
                 from [01m[K/usr/include/c++/9/ext/new_allocator.h:33[m[K,
                 from [01m[K/usr/include/x86_64-linux-gnu/c++/9/bits/c++allocator.h:33[m[K,
                 from [01m[K/usr/include/c++/9/bits/allocator.h:46[m[K,
                 from [01m[K/usr/include/c++/9/string:41[m[K,
                 from [01m[K/opt/ros/noetic/include/ros/platform.h:38[m[K,
                 from [01m[K/opt/ros/noetic/include/ros/time.h:53[m[K,
                 from [01m[K/opt/ros/noetic/include/ros/ros.h:38[m[K,
                 from [01m[K/home/ruiyang/catkin_ws/src/path_generator/src/sim_path.cpp:1[m[K:
[01m[K/usr/include/c++/9/typeinfo:99:17:[m[K [01;36m[Knote: [m[Kdeclared here
   99 |     const char* [01;36m[Kname[m[K() const _GLIBCXX_NOEXCEPT
      |                 [01;36m[K^~~~[m[K
make[2]: *** [CMakeFiles/path_generator_node.dir/build.make:63: CMakeFiles/path_generator_node.dir/src/sim_path.cpp.o] Error 1
make[1]: *** [CMakeFiles/Makefile2:206: CMakeFiles/path_generator_node.dir/all] Error 2
make: *** [Makefile:141: all] Error 2
