[01m[K/home/ruiyang/catkin_ws/src/path_generator/src/sim_path.cpp:12:1:[m[K [01;31m[Kerror: [m[Kexpected â€˜[01m[K,[m[Kâ€™ or â€˜[01m[K;[m[Kâ€™ before â€˜[01m[Kdouble[m[Kâ€™
   12 | [01;31m[Kdouble[m[K cur_x = 5.544;
      | [01;31m[K^~~~~~[m[K
[01m[K/home/ruiyang/catkin_ws/src/path_generator/src/sim_path.cpp:[m[K In function â€˜[01m[Kvoid pathCallback(const Path&)[m[Kâ€™:
[01m[K/home/ruiyang/catkin_ws/src/path_generator/src/sim_path.cpp:17:44:[m[K [01;31m[Kerror: [m[Kexpected â€˜[01m[K;[m[Kâ€™ before â€˜[01m[Kfor[m[Kâ€™
   17 |  size = sizeof(msg.poses)/sizeof(msg.poses)
      |                                            [01;31m[K^[m[K
      |                                            [32m[K;[m[K
   18 |  [32m[Kfor[m[K(int i = 0; i <= size; i++) {
      |  [32m[K~~~[m[K                                        
[01m[K/home/ruiyang/catkin_ws/src/path_generator/src/sim_path.cpp:18:17:[m[K [01;31m[Kerror: [m[Kâ€˜[01m[Ki[m[Kâ€™ was not declared in this scope
   18 |  for(int i = 0; [01;31m[Ki[m[K <= size; i++) {
      |                 [01;31m[K^[m[K
[01m[K/home/ruiyang/catkin_ws/src/path_generator/src/sim_path.cpp:[m[K In function â€˜[01m[Kvoid poseCallback(const Pose&)[m[Kâ€™:
[01m[K/home/ruiyang/catkin_ws/src/path_generator/src/sim_path.cpp:24:2:[m[K [01;31m[Kerror: [m[Kâ€˜[01m[Kcur_x[m[Kâ€™ was not declared in this scope; did you mean â€˜[01m[Kcur_y[m[Kâ€™?
   24 |  [01;31m[Kcur_x[m[K = msg.x;
      |  [01;31m[K^~~~~[m[K
      |  [32m[Kcur_y[m[K
[01m[K/home/ruiyang/catkin_ws/src/path_generator/src/sim_path.cpp:[m[K In function â€˜[01m[Kint main(int, char**)[m[Kâ€™:
[01m[K/home/ruiyang/catkin_ws/src/path_generator/src/sim_path.cpp:42:11:[m[K [01;31m[Kerror: [m[Kâ€˜[01m[Kcur_x[m[Kâ€™ was not declared in this scope; did you mean â€˜[01m[Kcur_y[m[Kâ€™?
   42 |   if((abs([01;31m[Kcur_x[m[K - p1.x)<=0.1) && (abs(cur_y - p1.y)<=0.1)) {
      |           [01;31m[K^~~~~[m[K
      |           [32m[Kcur_y[m[K
make[2]: *** [CMakeFiles/path_generator_node.dir/build.make:63: CMakeFiles/path_generator_node.dir/src/sim_path.cpp.o] Error 1
make[1]: *** [CMakeFiles/Makefile2:206: CMakeFiles/path_generator_node.dir/all] Error 2
make: *** [Makefile:141: all] Error 2
