[01m[K/home/ruiyang/catkin_ws/src/path_generator/src/sim_path.cpp:[m[K In function â€˜[01m[Kint main(int, char**)[m[Kâ€™:
[01m[K/home/ruiyang/catkin_ws/src/path_generator/src/sim_path.cpp:13:2:[m[K [01;31m[Kerror: [m[Kâ€˜[01m[Kp1[m[Kâ€™ was not declared in this scope; did you mean â€˜[01m[Kp[m[Kâ€™?
   13 |  [01;31m[Kp1[m[K.x = 5;
      |  [01;31m[K^~[m[K
      |  [32m[Kp[m[K
make[2]: *** [CMakeFiles/path_generator_node.dir/build.make:63: CMakeFiles/path_generator_node.dir/src/sim_path.cpp.o] Error 1
make[1]: *** [CMakeFiles/Makefile2:206: CMakeFiles/path_generator_node.dir/all] Error 2
make: *** [Makefile:141: all] Error 2
