[01m[K/home/ruiyang/catkin_ws/src/path_generator/src/sim_path.cpp:[m[K In function â€˜[01m[Kvoid pathCallback(const Path&)[m[Kâ€™:
[01m[K/home/ruiyang/catkin_ws/src/path_generator/src/sim_path.cpp:17:10:[m[K [01;31m[Kerror: [m[Kexpected â€˜[01m[K;[m[Kâ€™ before â€˜[01m[Kfor[m[Kâ€™
   17 |  size = 3
      |          [01;31m[K^[m[K
      |          [32m[K;[m[K
   18 |  [32m[Kfor[m[K(int i = 0; i <= size; i++) {
      |  [32m[K~~~[m[K      
[01m[K/home/ruiyang/catkin_ws/src/path_generator/src/sim_path.cpp:18:17:[m[K [01;31m[Kerror: [m[Kâ€˜[01m[Ki[m[Kâ€™ was not declared in this scope
   18 |  for(int i = 0; [01;31m[Ki[m[K <= size; i++) {
      |                 [01;31m[K^[m[K
make[2]: *** [CMakeFiles/path_generator_node.dir/build.make:63: CMakeFiles/path_generator_node.dir/src/sim_path.cpp.o] Error 1
make[1]: *** [CMakeFiles/Makefile2:206: CMakeFiles/path_generator_node.dir/all] Error 2
make: *** [Makefile:141: all] Error 2
