[01m[K/home/ruiyang/catkin_ws/src/path_generator/src/sim_path.cpp:7:28:[m[K [01;35m[Kwarning: [m[Kstructured bindings only available with â€˜[01m[K-std=c++17[m[Kâ€™ or â€˜[01m[K-std=gnu++17[m[Kâ€™
    7 | geometry_msgs::PoseStamped [01;35m[K[[m[K] arr = {};
      |                            [01;35m[K^[m[K
[01m[K/home/ruiyang/catkin_ws/src/path_generator/src/sim_path.cpp:7:28:[m[K [01;31m[Kerror: [m[Kstructured binding declaration cannot have type â€˜[01m[Kgeometry_msgs::PoseStamped[m[Kâ€™ {aka â€˜[01m[Kgeometry_msgs::PoseStamped_<std::allocator<void> >[m[Kâ€™}
    7 | geometry_msgs::PoseStamped [01;31m[K[][m[K arr = {};
      |                            [01;31m[K^~[m[K
[01m[K/home/ruiyang/catkin_ws/src/path_generator/src/sim_path.cpp:7:28:[m[K [01;36m[Knote: [m[Ktype must be cv-qualified â€˜[01m[Kauto[m[Kâ€™ or reference to cv-qualified â€˜[01m[Kauto[m[Kâ€™
[01m[K/home/ruiyang/catkin_ws/src/path_generator/src/sim_path.cpp:7:28:[m[K [01;31m[Kerror: [m[Kempty structured binding declaration
[01m[K/home/ruiyang/catkin_ws/src/path_generator/src/sim_path.cpp:7:31:[m[K [01;31m[Kerror: [m[Kexpected initializer before â€˜[01m[Karr[m[Kâ€™
    7 | geometry_msgs::PoseStamped [] [01;31m[Karr[m[K = {};
      |                               [01;31m[K^~~[m[K
[01m[K/home/ruiyang/catkin_ws/src/path_generator/src/sim_path.cpp:[m[K In function â€˜[01m[Kvoid pathCallback(const Path&)[m[Kâ€™:
[01m[K/home/ruiyang/catkin_ws/src/path_generator/src/sim_path.cpp:13:2:[m[K [01;31m[Kerror: [m[Kâ€˜[01m[Karr[m[Kâ€™ was not declared in this scope
   13 |  [01;31m[Karr[m[K = msg.poses;
      |  [01;31m[K^~~[m[K
[01m[K/home/ruiyang/catkin_ws/src/path_generator/src/sim_path.cpp:[m[K In function â€˜[01m[Kint main(int, char**)[m[Kâ€™:
[01m[K/home/ruiyang/catkin_ws/src/path_generator/src/sim_path.cpp:26:25:[m[K [01;31m[Kerror: [m[Kâ€˜[01m[Knh_sub[m[Kâ€™ was not declared in this scope; did you mean â€˜[01m[Knh_pub[m[Kâ€™?
   26 |  ros::Subscriber sub1 = [01;31m[Knh_sub[m[K.subscribe("turtle1/path", 1000, pathcallback);
      |                         [01;31m[K^~~~~~[m[K
      |                         [32m[Knh_pub[m[K
[01m[K/home/ruiyang/catkin_ws/src/path_generator/src/sim_path.cpp:26:64:[m[K [01;31m[Kerror: [m[Kâ€˜[01m[Kpathcallback[m[Kâ€™ was not declared in this scope; did you mean â€˜[01m[KpathCallback[m[Kâ€™?
   26 |  ros::Subscriber sub1 = nh_sub.subscribe("turtle1/path", 1000, [01;31m[Kpathcallback[m[K);
      |                                                                [01;31m[K^~~~~~~~~~~~[m[K
      |                                                                [32m[KpathCallback[m[K
[01m[K/home/ruiyang/catkin_ws/src/path_generator/src/sim_path.cpp:33:7:[m[K [01;31m[Kerror: [m[Kâ€˜[01m[Karr[m[Kâ€™ was not declared in this scope
   33 |   p = [01;31m[Karr[m[K[i];
      |       [01;31m[K^~~[m[K
make[2]: *** [CMakeFiles/path_generator_node.dir/build.make:63: CMakeFiles/path_generator_node.dir/src/sim_path.cpp.o] Error 1
make[1]: *** [CMakeFiles/Makefile2:206: CMakeFiles/path_generator_node.dir/all] Error 2
make: *** [Makefile:141: all] Error 2
