[01m[K/home/ruiyang/catkin_ws/src/path_generator/src/sim_path.cpp:[m[K In function â€˜[01m[Kvoid pathCallback(const Path&)[m[Kâ€™:
[01m[K/home/ruiyang/catkin_ws/src/path_generator/src/sim_path.cpp:15:19:[m[K [01;31m[Kerror: [m[Kexpected â€˜[01m[K;[m[Kâ€™ before â€˜[01m[K<[m[Kâ€™ token
   15 |  for (int i = 0, i[01;31m[K [m[K[32m[K<[m[K len(msg.poses), i++) {
      |                   [01;31m[K^[m[K[32m[K~[m[K
      |                   [32m[K;[m[K
[01m[K/home/ruiyang/catkin_ws/src/path_generator/src/sim_path.cpp:15:20:[m[K [01;31m[Kerror: [m[Kexpected primary-expression before â€˜[01m[K<[m[Kâ€™ token
   15 |  for (int i = 0, i [01;31m[K<[m[K len(msg.poses), i++) {
      |                    [01;31m[K^[m[K
[01m[K/home/ruiyang/catkin_ws/src/path_generator/src/sim_path.cpp:15:22:[m[K [01;31m[Kerror: [m[Kâ€˜[01m[Klen[m[Kâ€™ was not declared in this scope
   15 |  for (int i = 0, i < [01;31m[Klen[m[K(msg.poses), i++) {
      |                      [01;31m[K^~~[m[K
[01m[K/home/ruiyang/catkin_ws/src/path_generator/src/sim_path.cpp:15:41:[m[K [01;31m[Kerror: [m[Kexpected â€˜[01m[K;[m[Kâ€™ before â€˜[01m[K)[m[Kâ€™ token
   15 |  for (int i = 0, i < len(msg.poses), i++[01;31m[K)[m[K {
      |                                         [01;31m[K^[m[K
      |                                         [32m[K;[m[K
make[2]: *** [CMakeFiles/path_generator_node.dir/build.make:63: CMakeFiles/path_generator_node.dir/src/sim_path.cpp.o] Error 1
make[1]: *** [CMakeFiles/Makefile2:206: CMakeFiles/path_generator_node.dir/all] Error 2
make: *** [Makefile:141: all] Error 2
