[01m[K/home/ruiyang/catkin_ws/src/path_generator/src/sim_path.cpp:10:28:[m[K [01;31m[Kerror: [m[Karray size missing in â€˜[01m[Karr[m[Kâ€™
   10 | geometry_msgs::PoseStamped [01;31m[Karr[m[K[];
      |                            [01;31m[K^~~[m[K
make[2]: *** [CMakeFiles/path_generator_node.dir/build.make:63: CMakeFiles/path_generator_node.dir/src/sim_path.cpp.o] Error 1
make[1]: *** [CMakeFiles/Makefile2:206: CMakeFiles/path_generator_node.dir/all] Error 2
make: *** [Makefile:141: all] Error 2
