[01m[K/home/ruiyang/catkin_ws/src/path_generator/src/sim_path.cpp:11:1:[m[K [01;31m[Kerror: [m[Kâ€˜[01m[Kvector[m[Kâ€™ does not name a type
   11 | [01;31m[Kvector[m[K<geometry_msgs:Pose> vec;
      | [01;31m[K^~~~~~[m[K
[01m[K/home/ruiyang/catkin_ws/src/path_generator/src/sim_path.cpp:[m[K In function â€˜[01m[Kvoid pathCallback(const Path&)[m[Kâ€™:
[01m[K/home/ruiyang/catkin_ws/src/path_generator/src/sim_path.cpp:18:2:[m[K [01;31m[Kerror: [m[Kâ€˜[01m[Kvec[m[Kâ€™ was not declared in this scope
   18 |  [01;31m[Kvec[m[K = msg.poses;
      |  [01;31m[K^~~[m[K
[01m[K/home/ruiyang/catkin_ws/src/path_generator/src/sim_path.cpp:[m[K In function â€˜[01m[Kint main(int, char**)[m[Kâ€™:
[01m[K/home/ruiyang/catkin_ws/src/path_generator/src/sim_path.cpp:40:7:[m[K [01;31m[Kerror: [m[Kâ€˜[01m[Kvec[m[Kâ€™ was not declared in this scope
   40 |   p = [01;31m[Kvec[m[K.at(count);
      |       [01;31m[K^~~[m[K
make[2]: *** [CMakeFiles/path_generator_node.dir/build.make:63: CMakeFiles/path_generator_node.dir/src/sim_path.cpp.o] Error 1
make[1]: *** [CMakeFiles/Makefile2:206: CMakeFiles/path_generator_node.dir/all] Error 2
make: *** [Makefile:141: all] Error 2
