[01m[K/home/ruiyang/catkin_ws/src/path_generator/src/sim_path.cpp:[m[K In function â€˜[01m[Kint main(int, char**)[m[Kâ€™:
[01m[K/home/ruiyang/catkin_ws/src/path_generator/src/sim_path.cpp:12:16:[m[K [01;31m[Kerror: [m[Kâ€˜[01m[KPoint[m[Kâ€™ was not declared in this scope; did you mean â€˜[01m[Kgeometry_msgs::Point[m[Kâ€™?
   12 |  geometry_msgs:[01;31m[KPoint[m[K p1;
      |                [01;31m[K^~~~~[m[K
      |                [32m[Kgeometry_msgs::Point[m[K
In file included from [01m[K/opt/ros/noetic/include/geometry_msgs/Pose.h:18[m[K,
                 from [01m[K/home/ruiyang/catkin_ws/src/path_generator/src/sim_path.cpp:2[m[K:
[01m[K/opt/ros/noetic/include/geometry_msgs/Point.h:58:56:[m[K [01;36m[Knote: [m[Kâ€˜[01m[Kgeometry_msgs::Point[m[Kâ€™ declared here
   58 | typedef ::geometry_msgs::Point_<std::allocator<void> > [01;36m[KPoint[m[K;
      |                                                        [01;36m[K^~~~~[m[K
[01m[K/home/ruiyang/catkin_ws/src/path_generator/src/sim_path.cpp:13:2:[m[K [01;31m[Kerror: [m[Kâ€˜[01m[Kp1[m[Kâ€™ was not declared in this scope; did you mean â€˜[01m[Kp[m[Kâ€™?
   13 |  [01;31m[Kp1[m[K.x = 5;
      |  [01;31m[K^~[m[K
      |  [32m[Kp[m[K
[01m[K/home/ruiyang/catkin_ws/src/path_generator/src/sim_path.cpp:16:4:[m[K [01;31m[Kerror: [m[Kâ€˜[01m[Kgeometry_msgs::Pose[m[Kâ€™ {aka â€˜[01m[Kstruct geometry_msgs::Pose_<std::allocator<void> >[m[Kâ€™} has no member named â€˜[01m[Kpoint[m[Kâ€™
   16 |  p.[01;31m[Kpoint[m[K = p1;
      |    [01;31m[K^~~~~[m[K
make[2]: *** [CMakeFiles/path_generator_node.dir/build.make:63: CMakeFiles/path_generator_node.dir/src/sim_path.cpp.o] Error 1
make[1]: *** [CMakeFiles/Makefile2:206: CMakeFiles/path_generator_node.dir/all] Error 2
make: *** [Makefile:141: all] Error 2
