[01m[K/home/ruiyang/catkin_ws/src/controller/src/sim_controller.cpp:[m[K In function â€˜[01m[Kint main(int, char**)[m[Kâ€™:
[01m[K/home/ruiyang/catkin_ws/src/controller/src/sim_controller.cpp:63:5:[m[K [01;31m[Kerror: [m[Kâ€˜[01m[Kpath[m[Kâ€™ was not declared in this scope
   63 |     [01;31m[Kpath[m[K = [];
      |     [01;31m[K^~~~[m[K
[01m[K/home/ruiyang/catkin_ws/src/controller/src/sim_controller.cpp:[m[K In lambda function:
[01m[K/home/ruiyang/catkin_ws/src/controller/src/sim_controller.cpp:63:14:[m[K [01;31m[Kerror: [m[Kexpected â€˜[01m[K{[m[Kâ€™ before â€˜[01m[K;[m[Kâ€™ token
   63 |     path = [][01;31m[K;[m[K
      |              [01;31m[K^[m[K
make[2]: *** [CMakeFiles/controller_node.dir/build.make:63: CMakeFiles/controller_node.dir/src/sim_controller.cpp.o] Error 1
make[1]: *** [CMakeFiles/Makefile2:746: CMakeFiles/controller_node.dir/all] Error 2
make: *** [Makefile:141: all] Error 2
