[01m[K/home/ruiyang/catkin_ws/src/controller/src/sim_controller.cpp:[m[K In function â€˜[01m[Kvoid pathCallback(const Pose&)[m[Kâ€™:
[01m[K/home/ruiyang/catkin_ws/src/controller/src/sim_controller.cpp:41:5:[m[K [01;31m[Kerror: [m[Kâ€˜[01m[Kp_tar[m[Kâ€™ was not declared in this scope
   41 |     [01;31m[Kp_tar[m[K = msg.Point
      |     [01;31m[K^~~~~[m[K
[01m[K/home/ruiyang/catkin_ws/src/controller/src/sim_controller.cpp:41:17:[m[K [01;31m[Kerror: [m[Kâ€˜[01m[Kconst Pose[m[Kâ€™ {aka â€˜[01m[Kconst struct geometry_msgs::Pose_<std::allocator<void> >[m[Kâ€™} has no member named â€˜[01m[KPoint[m[Kâ€™
   41 |     p_tar = msg.[01;31m[KPoint[m[K
      |                 [01;31m[K^~~~~[m[K
make[2]: *** [CMakeFiles/controller_node.dir/build.make:63: CMakeFiles/controller_node.dir/src/sim_controller.cpp.o] Error 1
make[1]: *** [CMakeFiles/Makefile2:746: CMakeFiles/controller_node.dir/all] Error 2
make: *** [Makefile:141: all] Error 2
