[01m[K/home/ruiyang/catkin_ws/src/controller/src/sim_path.cpp:[m[K In function â€˜[01m[Kint main(int, char**)[m[Kâ€™:
[01m[K/home/ruiyang/catkin_ws/src/controller/src/sim_path.cpp:10:10:[m[K [01;31m[Kerror: [m[Kexpected â€˜[01m[K;[m[Kâ€™ before â€˜[01m[K}[m[Kâ€™ token
   10 |  return 0
      |          [01;31m[K^[m[K
      |          [32m[K;[m[K
   11 | [32m[K}[m[K
      | [32m[K~[m[K         
make[2]: *** [CMakeFiles/path_node.dir/build.make:63: CMakeFiles/path_node.dir/src/sim_path.cpp.o] Error 1
make[1]: *** [CMakeFiles/Makefile2:875: CMakeFiles/path_node.dir/all] Error 2
make: *** [Makefile:141: all] Error 2
