/usr/bin/ld: CMakeFiles/path_node.dir/src/sim_path.cpp.o: in function `main':
sim_path.cpp:(.text+0x95): undefined reference to `ros::init(int&, char**, std::__cxx11::basic_string<char, std::char_traits<char>, std::allocator<char> > const&, unsigned int)'
/usr/bin/ld: sim_path.cpp:(.text+0x127): undefined reference to `ros::NodeHandle::NodeHandle(std::__cxx11::basic_string<char, std::char_traits<char>, std::allocator<char> > const&, std::map<std::__cxx11::basic_string<char, std::char_traits<char>, std::allocator<char> >, std::__cxx11::basic_string<char, std::char_traits<char>, std::allocator<char> >, std::less<std::__cxx11::basic_string<char, std::char_traits<char>, std::allocator<char> > >, std::allocator<std::pair<std::__cxx11::basic_string<char, std::char_traits<char>, std::allocator<char> > const, std::__cxx11::basic_string<char, std::char_traits<char>, std::allocator<char> > > > > const&)'
/usr/bin/ld: sim_path.cpp:(.text+0x1bc): undefined reference to `ros::spin()'
/usr/bin/ld: sim_path.cpp:(.text+0x1d0): undefined reference to `ros::Publisher::~Publisher()'
/usr/bin/ld: sim_path.cpp:(.text+0x1df): undefined reference to `ros::NodeHandle::~NodeHandle()'
/usr/bin/ld: sim_path.cpp:(.text+0x2a8): undefined reference to `ros::Publisher::~Publisher()'
/usr/bin/ld: sim_path.cpp:(.text+0x2b7): undefined reference to `ros::NodeHandle::~NodeHandle()'
/usr/bin/ld: CMakeFiles/path_node.dir/src/sim_path.cpp.o: in function `ros::Publisher ros::NodeHandle::advertise<geometry_msgs::Twist_<std::allocator<void> > >(std::__cxx11::basic_string<char, std::char_traits<char>, std::allocator<char> > const&, unsigned int, bool)':
sim_path.cpp:(.text._ZN3ros10NodeHandle9advertiseIN13geometry_msgs6Twist_ISaIvEEEEENS_9PublisherERKNSt7__cxx1112basic_stringIcSt11char_traitsIcESaIcEEEjb[_ZN3ros10NodeHandle9advertiseIN13geometry_msgs6Twist_ISaIvEEEEENS_9PublisherERKNSt7__cxx1112basic_stringIcSt11char_traitsIcESaIcEEEjb]+0x139): undefined reference to `ros::NodeHandle::advertise(ros::AdvertiseOptions&)'
collect2: error: ld returned 1 exit status
make[2]: *** [CMakeFiles/path_node.dir/build.make:84: /home/ruiyang/catkin_ws/devel/.private/controller/lib/controller/path_node] Error 1
make[1]: *** [CMakeFiles/Makefile2:875: CMakeFiles/path_node.dir/all] Error 2
make: *** [Makefile:141: all] Error 2
