[01m[K/home/ruiyang/catkin_ws/src/controller/src/sim_controller.cpp:[m[K In function â€˜[01m[Kint main(int, char**)[m[Kâ€™:
[01m[K/home/ruiyang/catkin_ws/src/controller/src/sim_controller.cpp:83:3:[m[K [01;31m[Kerror: [m[Kexpected â€˜[01m[K}[m[Kâ€™ before â€˜[01m[Kelse[m[Kâ€™
   83 |   [01;31m[Kelse[m[K{
      |   [01;31m[K^~~~[m[K
[01m[K/home/ruiyang/catkin_ws/src/controller/src/sim_controller.cpp:80:58:[m[K [01;36m[Knote: [m[Kto match this â€˜[01m[K{[m[Kâ€™
   80 |   if(((p_y<cur_y)&&(p_x<cur_x))&&(abs(addrotate)>=0.02)) [01;36m[K{[m[K
      |                                                          [01;36m[K^[m[K
make[2]: *** [CMakeFiles/controller_node.dir/build.make:63: CMakeFiles/controller_node.dir/src/sim_controller.cpp.o] Error 1
make[1]: *** [CMakeFiles/Makefile2:746: CMakeFiles/controller_node.dir/all] Error 2
make: *** [Makefile:141: all] Error 2
